#
# There is insufficient memory for the Java Runtime Environment to continue.
# Native memory allocation (malloc) failed to allocate 1048576 bytes for AllocateHeap
# Possible reasons:
#   The system is out of physical RAM or swap space
#   The process is running with CompressedOops enabled, and the Java Heap may be blocking the growth of the native heap
# Possible solutions:
#   Reduce memory load on the system
#   Increase physical memory or swap space
#   Check if swap backing store is full
#   Decrease Java heap size (-Xmx/-Xms)
#   Decrease number of Java threads
#   Decrease Java thread stack sizes (-Xss)
#   Set larger code cache with -XX:ReservedCodeCacheSize=
#   JVM is running with Unscaled Compressed Oops mode in which the Java heap is
#     placed in the first 4GB address space. The Java Heap base address is the
#     maximum limit for the native heap growth. Please use -XX:HeapBaseMinAddress
#     to set the Java Heap base and to place the Java Heap above 4GB virtual address.
# This output file may be truncated or incomplete.
#
#  Out of Memory Error (memory/allocation.inline.hpp:61), pid=2308, tid=0x000000000000258c
#
# JRE version:  (8.0_221-b11) (build )
# Java VM: Java HotSpot(TM) 64-Bit Server VM (25.221-b11 mixed mode windows-amd64 compressed oops)
# Failed to write core dump. Minidumps are not enabled by default on client versions of Windows
#

---------------  T H R E A D  ---------------

Current thread (0x0000000003162800):  JavaThread "Unknown thread" [_thread_in_vm, id=9612, stack(0x0000000002e70000,0x0000000002f70000)]

Stack: [0x0000000002e70000,0x0000000002f70000]
[error occurred during error reporting (printing stack bounds), id 0xc0000005]

Native frames: (J=compiled Java code, j=interpreted, Vv=VM code, C=native code)


---------------  P R O C E S S  ---------------

Java Threads: ( => current thread )

Other Threads:

=>0x0000000003162800 (exited) JavaThread "Unknown thread" [_thread_in_vm, id=9612, stack(0x0000000002e70000,0x0000000002f70000)]

VM state:not at safepoint (normal execution)

VM Mutex/Monitor currently owned by a thread: None

heap address: 0x0000000081c00000, size: 2020 MB, Compressed Oops mode: 32-bit
Narrow klass base: 0x0000000000000000, Narrow klass shift: 3
Compressed class space size: 1073741824 Address: 0x0000000100000000

Heap:
 PSYoungGen      total 38400K, used 665K [0x00000000d5f00000, 0x00000000d8980000, 0x0000000100000000)
  eden space 33280K, 2% used [0x00000000d5f00000,0x00000000d5fa6670,0x00000000d7f80000)
  from space 5120K, 0% used [0x00000000d8480000,0x00000000d8480000,0x00000000d8980000)
  to   space 5120K, 0% used [0x00000000d7f80000,0x00000000d7f80000,0x00000000d8480000)
 ParOldGen       total 87552K, used 0K [0x0000000081c00000, 0x0000000087180000, 0x00000000d5f00000)
  object space 87552K, 0% used [0x0000000081c00000,0x0000000081c00000,0x0000000087180000)
 Metaspace       used 763K, capacity 4480K, committed 4480K, reserved 1056768K
  class space    used 76K, capacity 384K, committed 384K, reserved 1048576K

Card table byte_map: [0x0000000012620000,0x0000000012a20000] byte_map_base: 0x0000000012212000

Marking Bits: (ParMarkBitMap*) 0x000000005a265ce0
 Begin Bits: [0x00000000130d0000, 0x0000000015060000)
 End Bits:   [0x0000000015060000, 0x0000000016ff0000)

Polling page: 0x00000000013d0000

CodeCache: size=245760Kb used=328Kb max_used=328Kb free=245431Kb
 bounds [0x0000000003260000, 0x00000000034d0000, 0x0000000012260000]
 total_blobs=58 nmethods=0 adapters=38
 compilation: enabled

Compilation events (0 events):
No events

GC Heap History (0 events):
No events

Deoptimization events (0 events):
No events

Classes redefined (0 events):
No events

Internal exceptions (0 events):
No events

Events (10 events):
Event: 0.065 loading class java/lang/Short
Event: 0.066 loading class java/lang/Short done
Event: 0.066 loading class java/lang/Integer
Event: 0.066 loading class java/lang/Integer done
Event: 0.066 loading class java/lang/Long
Event: 0.066 loading class java/lang/Long done
Event: 0.067 loading class java/lang/NullPointerException
Event: 0.067 loading class java/lang/NullPointerException done
Event: 0.067 loading class java/lang/ArithmeticException
Event: 0.067 loading class java/lang/ArithmeticException done


Dynamic libraries:
0x00007ff6d6b70000 - 0x00007ff6d6ba7000 	C:\Program Files\Java\jre1.8.0_221\bin\javaw.exe
0x00007ff9b5c20000 - 0x00007ff9b5e10000 	C:\WINDOWS\SYSTEM32\ntdll.dll
0x00007ff9b5af0000 - 0x00007ff9b5ba2000 	C:\WINDOWS\System32\KERNEL32.DLL
0x00007ff9b31f0000 - 0x00007ff9b3493000 	C:\WINDOWS\System32\KERNELBASE.dll
0x00007ff9b5a40000 - 0x00007ff9b5ae3000 	C:\WINDOWS\System32\ADVAPI32.dll
0x00007ff9b5330000 - 0x00007ff9b53ce000 	C:\WINDOWS\System32\msvcrt.dll
0x00007ff9b45d0000 - 0x00007ff9b4667000 	C:\WINDOWS\System32\sechost.dll
0x00007ff9b55e0000 - 0x00007ff9b5700000 	C:\WINDOWS\System32\RPCRT4.dll
0x00007ff9b41d0000 - 0x00007ff9b4364000 	C:\WINDOWS\System32\USER32.dll
0x00007ff9b3110000 - 0x00007ff9b3131000 	C:\WINDOWS\System32\win32u.dll
0x00007ff9b45a0000 - 0x00007ff9b45c6000 	C:\WINDOWS\System32\GDI32.dll
0x00007ff9b2c50000 - 0x00007ff9b2de4000 	C:\WINDOWS\System32\gdi32full.dll
0x00007ff9b2bb0000 - 0x00007ff9b2c4e000 	C:\WINDOWS\System32\msvcp_win.dll
0x00007ff9b2e90000 - 0x00007ff9b2f8a000 	C:\WINDOWS\System32\ucrtbase.dll
0x00007ff9a6630000 - 0x00007ff9a68b5000 	C:\WINDOWS\WinSxS\amd64_microsoft.windows.common-controls_6595b64144ccf1df_6.0.18362.657_none_e6c5b579130e3898\COMCTL32.dll
0x00007ff9b5700000 - 0x00007ff9b5a36000 	C:\WINDOWS\System32\combase.dll
0x00007ff9b2e10000 - 0x00007ff9b2e90000 	C:\WINDOWS\System32\bcryptPrimitives.dll
0x00007ff9b5bb0000 - 0x00007ff9b5bde000 	C:\WINDOWS\System32\IMM32.DLL
0x0000000059960000 - 0x0000000059a32000 	C:\Program Files\Java\jre1.8.0_221\bin\msvcr100.dll
0x0000000059a40000 - 0x000000005a2e5000 	C:\Program Files\Java\jre1.8.0_221\bin\server\jvm.dll
0x00007ff9b5320000 - 0x00007ff9b5328000 	C:\WINDOWS\System32\PSAPI.DLL
0x00007ff9a36a0000 - 0x00007ff9a36a9000 	C:\WINDOWS\SYSTEM32\WSOCK32.dll
0x00007ff9b48a0000 - 0x00007ff9b490f000 	C:\WINDOWS\System32\WS2_32.dll
0x00007ff9b0b90000 - 0x00007ff9b0bb4000 	C:\WINDOWS\SYSTEM32\WINMM.dll
0x00007ff9a52c0000 - 0x00007ff9a52ca000 	C:\WINDOWS\SYSTEM32\VERSION.dll
0x00007ff9b0b60000 - 0x00007ff9b0b8d000 	C:\WINDOWS\SYSTEM32\WINMMBASE.dll
0x00007ff9b3c80000 - 0x00007ff9b3cca000 	C:\WINDOWS\System32\cfgmgr32.dll
0x00007ff9aba70000 - 0x00007ff9aba7f000 	C:\Program Files\Java\jre1.8.0_221\bin\verify.dll
0x00007ff9a0880000 - 0x00007ff9a08a9000 	C:\Program Files\Java\jre1.8.0_221\bin\java.dll
0x00007ff99dd40000 - 0x00007ff99dd75000 	C:\Program Files\Java\jre1.8.0_221\bin\jdwp.dll
0x00007ff9ab9f0000 - 0x00007ff9ab9f8000 	C:\Program Files\Java\jre1.8.0_221\bin\npt.dll
0x00007ff99dd10000 - 0x00007ff99dd33000 	C:\Program Files\Java\jre1.8.0_221\bin\instrument.dll
0x00007ff9a9c40000 - 0x00007ff9a9c56000 	C:\Program Files\Java\jre1.8.0_221\bin\zip.dll

VM Arguments:
jvm_args: -agentlib:jdwp=transport=dt_socket,suspend=y,address=localhost:56806 -javaagent:E:\Iryna\1\LogosITAcademy\основи програмування\eclipse\configuration\org.eclipse.osgi\226\0\.cp\lib\javaagent-shaded.jar -Dfile.encoding=Cp1251 
java_command: ua.lviv.lgs.Application
java_class_path (initial): E:\Iryna\1\LogosITAcademy\ws\lessonJc-16\bin;E:\Iryna\1\LogosITAcademy\основи програмування\eclipse\configuration\org.eclipse.osgi\226\0\.cp\lib\javaagent-shaded.jar
Launcher Type: SUN_STANDARD

Environment Variables:
JAVA_HOME=C:\Program Files\Java\jdk1.8.0_221
PATH=C:/Program Files/Java/jre1.8.0_221/bin/server;C:/Program Files/Java/jre1.8.0_221/bin;C:/Program Files/Java/jre1.8.0_221/lib/amd64;C:\Program Files (x86)\Common Files\Oracle\Java\javapath;C:\ProgramData\Oracle\Java\javapath;c:\Program Files (x86)\Intel\iCLS Client\;c:\Program Files\Intel\iCLS Client\;C:\WINDOWS\system32;C:\WINDOWS;C:\WINDOWS\System32\Wbem;C:\WINDOWS\System32\WindowsPowerShell\v1.0\;C:\Program Files\Intel\Intel(R) Management Engine Components\DAL;C:\Program Files\Intel\Intel(R) Management Engine Components\IPT;C:\Program Files (x86)\Intel\Intel(R) Management Engine Components\DAL;C:\Program Files (x86)\Intel\Intel(R) Management Engine Components\IPT;C:\Program Files\Common Files\Autodesk Shared\;C:\Program Files\OpenVPN\bin;C:\WINDOWS\System32\OpenSSH\;C:\Program Files (x86)\HP\Common\HPDestPlgIn\;C:\Program Files (x86)\Windows Live\Shared;C:\Program Files\Java\jdk1.8.0_221\bin;C:\Program Files (x86)\Brackets\command;C:\Program Files\Git\cmd;C:\Program Files\MySQL\MySQL Shell 8.0\bin\;%USERPROFILE%\AppData\Local\Microsoft\WindowsApps;;C:\Users\irchyk\Desktop;
USERNAME=irchyk
OS=Windows_NT
PROCESSOR_IDENTIFIER=Intel64 Family 6 Model 58 Stepping 9, GenuineIntel



---------------  S Y S T E M  ---------------

OS: Windows 10.0 , 64 bit Build 18362 (10.0.18362.329)

CPU:total 4 (initial active 4) (2 cores per cpu, 2 threads per core) family 6 model 58 stepping 9, cmov, cx8, fxsr, mmx, sse, sse2, sse3, ssse3, sse4.1, sse4.2, popcnt, avx, clmul, erms, ht, tsc, tscinvbit, tscinv

Memory: 4k page, physical 8267032k(2273232k free), swap 9315608k(5804k free)

vm_info: Java HotSpot(TM) 64-Bit Server VM (25.221-b11) for windows-amd64 JRE (1.8.0_221-b11), built on Jul  4 2019 04:39:29 by "java_re" with MS VC++ 10.0 (VS2010)

time: Fri Mar 06 23:20:48 2020
timezone: FLE Standard Time
elapsed time: 0 seconds (0d 0h 0m 0s)

